0
0
0
0
7
4
0
24804
2
0
0
3
5442
23208
0
3614
3
2203
8387
0
11440
10698
14016
5896
0
10725
0
0
0
264
0
0
9881
17199
18256
12036
0
6758
3240
0
0
0
0
12726
18506
3
11233
1248
0
0
2
4928
0
0
18711
12617
0
2783
0
0
5313
0
638
14509
2223
17241
0
0
9149
0
3412
0
2693
0
119
23872
6023
19180
0
0
4
441
2254
0
21485
24441
3246
5923
5539
0
0
0
8512
10816
4514
0
0
4699
0
9170
248
10992
0
0
670
4541
7000
0
0
9226
273
0
19275
10662
7870
1
0
0
0
4
12176
12790
13117
4530
10791
0
6419
16577
0
0
1
13585
16874
247
5944
0
3364
21043
3
13441
3
1623
0
0
2
0
21395
17201
13044
18944
12488
9738
9569
0
0
0
0
345
23042
16084
3
1735
6021
0
0
3187
3506
0
11379
0
6367
10870
7408
9663
5
0
0
0
0
0
6272
309
0
0
51
16906
4
0
0
11526
0
0
0
0
7360
6694
5079
12343
12257
6838
14389
10989
22146
8212
15316
0
15316
0
0
11379
6494
1919
10287
392
10729
0
0
0
6694
10912
0
3176
0
0
5437
5
6155
6888
0
2323
7434
0
2806
0
0
0
0
0
0
1238
9006
172
0
16279
9550
4413
0
0
2151
0
12879
0
16069
0
0
803
0
18162
2414
16635
0
5818
0
9159
2361
0
4279
0
9554
2
22709
891
4
4032
13786
240
0
15600
973
6664
1239
6
0
6539
121
0
11552
0
0
4218
11835
7872
23203
1168
4294
0
1030
9396
0
3266
0
0
12399
11439
0
0
14120
0
2697
0
0
8569
16483
0
286
16567
5
8441
3
24129
10407
17481
6189
7721
0
0
0
0
4060
6367
0
0
1250
1399
3671
0
0
23821
7
16
0
3118
1343
0
15007
0
42
4764
0
5170
16734
135
3844
23024
0
0
0
0
0
2131
0
6765
9484
5329
0
0
0
2728
616
21808
746
22740
0
0
0
3363
4
947
6241
0
0
2
6294
0
0
3301
13235
11392
0
7586
0
0
5374
12574
3668
0
0
131
4087
3
20318
13243
0
12676
0
1958
0
0
14565
0
274
0
0
5713
3878
8787
4505
7775
11180
15491
20
18640
6091
15749
725
24043
0
0
18863
0
0
1
703
841
4
599
0
11716
5
0
0
11670
0
7414
0
17794
0
0
0
0
0
0
0
8898
0
0
0
2383
1174
0
2013
0
2071
2870
2272
8287
12776
297
23782
19436
0
12086
8565
3141
0
11631
0
4
14292
0
0
10984
0
0
5272
1153
7157
5659
0
1809
10912
9588
914
13134
0
3
0
0
9364
0
0
6140
21427
15926
0
1618
358
0
17041
0
14716
0
0
0
0
5721
0
14848
3442
18802
0
0
4426
17361
5939
0
3410
15661
0
7548
625
0
0
10054
15131
15011
0
24468
0
16353
3095
0
15300
10346
0
126
5982
0
2854
24884
10792
0
0
13429
0
866
0
1445
5069
0
928
6613
0
17578
10310
10780
0
9550
15430
0
12032
19785
3344
618
0
0
13740
0
9783
0
0
0
0
234
4
5265
0
6323
8054
15535
0
0
3353
11034
17283
0
0
0
1
0
21653
0
23293
19449
4402
4045
4814
3638
0
15695
9071
0
5695
0
20116
0
0
2411
0
21976
0
18182
6842
4
6310
3937
0
18675
0
0
0
2905
0
1716
0
9405
3
0
1490
0
0
576
9950
0
22607
19853
16183
0
10425
19122
8
12776
14746
550
6509
22687
0
7410
14405
0
0
1619
3179
9533
1820
0
593
1478
5814
0
0
14916
0
3
0
6864
7983
0
5
13092
1231
0
1671
19485
0
0
0
0
16176
21074
12893
0
661
4883
0
11903
0
5
0
0
0
20664
6910
0
0
0
0
0
12202
328
0
3084
0
6701
3
4
0
13814
807
3
0
16301
0
0
28
0
8661
25148
12953
3022
2
0
8435
0
15401
6765
5330
7689
12339
16661
1734
12079
7312
183
0
615
0
4314
511
0
0
25225
0
11522
0
1713
5281
7601
0
2246
14059
0
14016
12274
0
0
11022
17
5949
19703
0
3022
0
1948
4531
13158
0
0
2361
6439
0
4
0
6604
5496
1
14881
0
22781
2027
2033
4
4076
5719
0
6950
837
3637
148
0
185
15134
9807
147
3276
2104
0
0
0
0
16497
24434
0
0
0
0
2419
0
19900
22548
6722
17208
3
9371
10032
5649
0
0
0
0
0
0
6526
0
6732
42
2221
610
1052
6441
18456
4438
2375
16795
5970
0
0
1
10516
0
15947
0
0
0
0
16270
12869
2372
0
9421
18642
22264
12732
0
5110
0
18382
0
0
331
5551
1339
361
0
7043
581
0
11341
0
0
895
0
3860
0
0
0
0
3
0
5003
19412
2340
0
9944
0
190
772
13879
0
0
0
0
3054
0
492
2
0
4676
0
16185
2043
1681
0
0
362
0
2648
0
0
25312
16241
16776
24443
0
0
21637
3769
0
615
8825
0
0
11295
3459
0
3751
8058
12270
0
0
9402
2093
1100
0
9925
18912
12570
4146
6171
0
0
3242
6390
1678
0
7813
8624
385
1909
0
0
0
2756
1013
0
22391
3154
1956
8441
0
89
292
13647
7831
16153
8150
12659
0
0
0
3114
11161
1196
4261
1366
1269
2998
3521
2493
0
4970
12293
4455
2
10684
0
5694
11295
9828
6928
5544
20132
4889
1560
0
7022
1915
3
933
3877
3446
5272
17070
234
14160
8113
0
0
1
5365
0
74
0
23890
9789
10926
24042
4
24551
8086
0
10200
7476
7154
21521
3253
0
17152
8558
1380
10070
0
15976
0
167
0
553
17
87
0
0
2840
0
3
3519
2202
0
0
0
0
0
11642
12740
9424
0
0
8215
9755
4
15489
5027
19581
5644
8811
1691
17743
0
13696
6271
13073
3412
0
0
433
0
7239
15972
6526
2394
11264
2590
1761
0
0
0
4891
16929
4064
15502
11252
29
118
0
0
4
5396
4243
0
44
13856
0
22912
0
9625
0
3025
6480
11423
14952
778
18776
0
6267
0
19388
11322
25301
0
94
11375
0
176
0
0
1023
10581
0
3
0
15135
4961
0
0
3282
0
0
0
2178
15324
3
3565
264
19255
16879
1695
15698
0
10750
0
9116
0
3
0
0
4265
3962
13479
0
0
4188
456
16835
23394
0
732
525
1133
0
0
603
9620
0
24967
1645
4382
24
1943
3521
7014
4
7097
13666
0
0
9666
24351
942
0
17220
12082
17270
4392
13556
0
772
1699
5938
5
9851
3615
4620
17691
10875
3
7666
13210
18838
20026
0
0
5701
5786
9843
0
0
0
0
7593
0
0
12469
20420
0
9952
0
0
0
10373
37
5344
20493
0
0
0
20713
7994
4927
23747
9853
7639
0
0
11272
3651
5234
8
19291
0
3
0
2478
18671
3
0
21641
0
6301
5267
0
10614
16953
1368
6253
4424
10502
16964
9186
0
0
0
0
665
0
24135
8020
3
6293
12638
17809
10034
864
0
0
2119
230
8
18833
17101
6
0
16786
2739
19658
3
123
0
0
987
10963
1
0
0
12196
15941
16651
2857
291
0
5
18208
0
423
0
0
3
16292
0
0
9553
243
10354
3278
9083
4038
4672
17519
0
6892
169
0
6801
0
14771
10802
11439
3755
5179
743
8812
3248
1001
5266
9251
16802
3817
1319
3570
0
0
6419
8483
13296
3740
0
0
0
9113
0
212
19
10331
6864
17286
0
9237
0
0
0
5037
0
578
5030
9066
1608
3411
14561
7694
24296
9973
6015
18044
0
4309
3509
2206
7283
0
9953
12850
0
4085
2904
0
1139
775
13097
0
9205
0
19007
4268
22084
0
0
57
4768
0
9633
1
0
0
6955
7847
9720
11298
10
6905
17986
1753
4281
22356
0
6615
2621
0
14551
34
9660
2975
5744
3186
394
7986
7381
0
3
0
21416
5039
14545
9145
0
4
10022
23753
20765
9125
3475
1105
0
0
15971
0
0
5431
0
15121
0
0
1005
0
16413
902
0
0
4216
0
158
709
7774
18851
5453
9565
6165
12
12064
3064
0
3
0
7116
16
7959
766
0
0
2525
1194
9499
3
0
5719
434
656
14152
0
13419
20605
21994
9718
4015
2183
0
18
1220
6428
0
7337
11897
9425
15641
606
2177
18073
8116
6271
0
5914
24989
0
116
4
7
0
17006
1974
21142
20341
9227
6177
0
21594
0
0
3
2496
8013
24860
4782
285
0
4666
0
0
4934
0
15247
16736
457
0
0
3609
10473
0
19049
0
0
17516
20940
0
14460
3511
0
8956
20387
802
20987
9414
15916
1511
11378
972
7712
3035
5
4625
3039
1170
2447
6235
189
0
6867
12981
10832
6535
10604
0
0
0
0
0
9109
0
0
12556
0
0
27
975
14768
386
6678
4931
14359
10061
0
0
6759
9746
21873
20414
4434
0
0
5339
0
0
14422
7168
16039
6899
3
2986
6516
16642
21
0
0
13365
3284
17357
0
1970
0
6559
5
2347
0
13889
11592
62
0
8155
2778
704
25610
1218
3065
0
0
0
1210
1455
0
4139
25174
1678
0
2633
18345
0
7498
11487
3
7411
11115
13497
17828
19630
12220
3616
14663
0
7211
21073
6922
5876
0
0
0
8665
21787
0
1104
0
22624
18313
16247
3439
0
233
0
17714
8057
2147
5472
990
3
8061
0
6916
0
0
25194
4174
16180
9423
0
3433
835
0
14590
30
24339
0
18730
0
750
0
16931
849
0
16613
20
4
18275
0
4
35
0
0
2986
11207
9771
4427
9384
8583
5815
12846
1522
1872
0
4
2831
0
8521
1253
25215
2518
4681
110
6048
16645
0
15730
0
0
21080
2658
176
1576
19109
11256
6226
9841
6
5497
0
0
0
7593
3690
13233
145
0
0
0
12460
11434
9561
0
12333
5549
4130
8183
1349
7
10223
18073
0
18331
0
17518
0
23658
24555
0
16652
6968
2497
820
0
0
0
0
0
0
1932
1408
14197
4249
0
1486
9310
1573
1764
3896
10308
2635
13465
47
0
12601
1107
0
0
0
0
16001
0
0
21151
393
0
0
14585
0
1091
5962
0
18396
5952
12530
0
0
16915
1081
0
3296
122
19629
2454
0
0
6628
5000
10005
59
251
0
5751
8743
4334
21349
0
334
15038
4078
0
853
1236
4132
0
0
298
11555
0
2803
0
0
0
7397
0
204
0
0
0
15
2406
9178
16094
5355
21680
4
0
21310
0
15133
9621
9038
0
4184
13967
4838
0
0
15609
5
0
123
0
12459
3482
0
20157
10047
0
5
18346
34
0
17903
2582
13272
0
0
10561
1660
6468
15437
2220
0
4389
3553
3495
88
0
0
186
0
0
793
934
0
11906
2603
2477
1736
0
7406
7260
10610
0
10094
19701
352
8169
10577
8254
687
327
0
1792
0
21999
1904
0
0
2995
2268
767
4
4
0
16306
17320
11091
0
0
9506
16174
24
0
8132
6662
0
9379
226
15793
5566
6684
17944
3203
24377
0
0
0
0
18945
11
1408
9922
2204
12737
3217
0
14883
11541
1501
1815
4531
0
3376
3356
0
0
5333
5
8638
10571
20337
17676
0
0
8609
4362
0
0
0
151
0
21850
8910
0
17833
672
0
4956
11538
1012
21720
16468
0
13235
1969
0
12539
8237
0
0
21
0
221
19204
0
0
0
129
0
0
17750
3
794
9116
0
4791
17401
1851
7124
0
0
0
17330
2558
0
18692
7880
254
8667
0
0
5357
236
0
8356
0
0
1187
0
0
1714
19256
3641
6126
0
3385
16868
3284
1770
23381
10997
10593
165
788
9034
0
3308
17785
2987
0
7175
16113
5
0
14494
0
15439
0
0
0
0
16182
0
1
0
4822
3
246
1114
12295
1482
0
4290
9451
0
0
0
0
1753
9941
0
613
3
10690
5184
0
5838
0
0
3504
0
9566
3
96
12860
4624
2025
7972
1181
8129
0
21310
7219
0
6
0
0
2175
107
0
22289
1157
0
0
23570
3321
0
453
1
0
383
14765
515
10199
3
6505
7721
0
0
5364
4198
7952
14277
16253
15917
1393
2403
3469
0
3
3294
0
3174
3390
0
318
863
7483
2386
20206
0
1737
20157
13621
23921
1146
2972
55
2874
2273
7151
2486
831
0
0
1198
984
425
4297
2090
8652
23939
8803
4448
70
37
487
2837
0
0
13557
14462
431
2739
3
195
10424
63
7549
20539
7053
829
5259
4610
1966
2067
0
101
0
0
0
1870
25842
0
25425
2071
12434
0
17662
9649
3403
3268
8129
8168
0
15851
39
5707
7131
1058
0
4854
13470
1108
7310
7450
0
0
4476
19741
13576
20281
1287
19671
0
0
9848
12370
7896
0
4441
2635
10829
20969
7613
0
0
0
0
7
20501
738
24749
1692
16777
5
982
0
0
20080
0
0
14342
0
0
8697
0
0
7315
10335
14458
9109
4915
20813
0
0
22240
3939
1715
2445
0
4261
9317
22779
0
10446
1549
6990
6950
25474
4784
0
831
23862
23982
0
24953
19997
24463
15348
14980
17379
1933
0
334
1744
242
24392
3440
0
8350
0
9510
9762
2794
0
20074
0
15330
0
0
0
0
518
100
0
3671
1919
20546
0
19349
0
0
3
9604
18993
0
15634
1194
2
0
0
20103
0
12977
3838
11853
19321
2
6240
0
5378
9334
0
0
0
0
0
0
0
3132
14266
14107
10858
4
9820
13166
0
5252
6232
11190
200
0
41
13262
3475
0
0
4
0
22308
0
2853
0
12839
2560
4598
726
7550
0
15436
4008
7336
359
7487
17285
0
0
24582
4
1351
11900
0
13037
29
1605
6292
0
8469
2692
301
0
0
0
0
13671
9360
0
3
27
0
13274
0
0
3941
0
0
444
26186
7746
22236
0
4301
115
5225
329
22599
5793
5608
213
19317
18179
9047
20403
50
4700
11911
1
0
8327
7273
9175
275
22503
8317
8732
4257
100
0
0
0
2632
3637
0
5324
13304
0
1987
0
400
3476
0
9252
0
20455
0
4
0
0
0
0
0
0
0
15518
0
2462
536
21103
9889
5992
4
2
1
14398
0
0
8266
15959
21939
21928
2525
10870
0
5912
0
0
16525
0
4282
16061
4483
1107
13497
0
0
5644
6198
0
12526
5817
0
5039
18787
5435
3035
104
3043
10066
0
0
1724
16990
69
12528
2387
15543
8830
128
233
0
5
7562
0
0
5
15682
0
504
1151
5
0
1606
17861
9187
1295
0
153
9
0
1265
0
3345
0
20312
22247
0
0
1
9
14931
129
0
3521
386
6103
0
22811
25
5717
13308
20
1796
0
0
23047
11540
2378
0
3172
7252
2562
0
9421
413
17443
1282
0
0
18448
17719
2435
145
0
2921
893
4286
680
0
0
0
4309
4634
12077
18247
889
5001
5
547
1343
0
0
5440
0
2575
19154
0
0
0
0
0
0
5316
0
4326
0
5380
11986
2
6327
2462
0
19897
15621
23230
6376
13833
15080
22127
8242
0
6336
0
0
20153
500
0
0
17830
8770
2520
6282
22584
23400
19494
6336
0
0
0
36
199
0
0
4364
6
4527
4239
309
0
12356
0
0
0
0
3456
42
2859
1593
0
15612
73
7640
555
10071
0
12365
7404
0
0
8008
4267
20957
20714
0
16866
4585
0
2789
2335
0
4
2202
110
0
0
0
1024
4
14552
23390
32
63
1612
2
0
9398
2687
1745
9850
16141
17940
0
13025
14377
2686
203
3
0
19933
8600
9795
0
11403
8557
6480
57
2430
927
7107
1699
0
0
17821
1
0
0
16504
6632
1
4
4155
9944
1
0
25510
25555
16769
0
333
0
9178
11118
14663
17480
0
0
12705
0
1483
18756
0
2251
0
3720
3344
86
3475
15
54
1979
10362
14080
0
23565
4944
8375
20170
8222
0
2815
3008
0
7588
13021
11815
7
6134
0
0
0
63
2573
18055
10282
20279
11011
0
448
0
5285
0
0
0
22409
7510
7082
16279
8966
8
4334
10460
0
17265
0
11335
0
13688
0
0
13394
11
1423
9024
20512
5621
0
448
189
0
0
10217
5290
5180
0
10392
3019
0
0
2184
11475
46
0
0
13570
0
0
5943
0
4082
14266
0
0
0
5
126
137
5
8620
0
1761
5761
4208
4901
0
25
0
6232
14628
939
2666
0
3617
2273
0
0
5086
6583
22349
0
0
5765
306
22775
21108
18818
8463
4253
0
9928
757
208
12797
1940
6957
1242
9827
5341
5082
0
7250
19547
0
0
1163
11487
3609
8803
3
18258
5526
0
2252
1346
21371
7410
6697
17551
0
4422
5448
0
0
0
1
17648
15954
8179
16475
4239
11326
4713
587
9093
0
9230
2685
19
0
15760
5856
8022
26427
425
6495
8491
857
24332
0
2354
682
6662
4
0
891
0
1247
0
170
2873
1335
0
0
6960
5244
834
861
10
0
3806
9919
2
72
4032
2664
0
305
4928
12256
20513
129
0
34
0
15136
5704
10694
2344
0
22903
17259
14770
2289
0
18381
0
0
368
0
18997
332
6592
12772
7842
14239
5607
5
0
263
7912
1039
16369
0
0
24804
0
0
3337
17708
26089
10447
2688
18623
0
371
0
4490
12257
10
6363
14288
0
11
3312
2289
19606
24021
0
0
9198
0
983
12658
0
14729
9764
0
0
0
11012
0
44
0
1271
12849
6313
24647
9146
10187
0
357
2945
0
15487
1
8401
0
11371
0
0
26147
16727
2671
48
0
2225
1682
4339
0
0
0
0
6390
2998
9528
0
0
7235
2881
25354
0
290
0
24814
4712
13358
2328
21367
0
955
71
4534
0
1846
20479
3062
0
9129
23606
0
447
5
495
5628
7700
5820
41
13582
21661
3726
85
0
21705
2422
7431
10581
5611
0
15397
16078
16141
139
15015
5
1946
11434
0
5
674
13317
0
0
2566
107
0
5265
1118
703
4
1
4150
17430
11789
15992
13729
14777
6
5242
0
39
0
3616
0
767
274
9717
4237
3959
5370
15075
8619
0
2594
0
0
8796
15626
0
19478
0
15085
6296
5909
4041
3661
2301
19495
0
0
0
3812
9782
0
0
13470
30
8594
2123
6386
16132
0
23002
0
0
43
0
450
657
0
2038
12424
0
0
5360
0
0
3541
7942
8048
8188
7092
262
0
3695
13478
4282
8596
8
0
0
19748
0
0
4
16001
0
0
9091
7301
10095
10956
10229
15826
11619
4420
0
4514
0
0
7023
807
0
0
4
13371
18193
696
0
0
19102
1734
5506
3081
3
10936
745
21262
19774
15770
4566
0
0
3152
4
16128
6844
1751
10009
888
2931
1653
24016
0
24836
7617
416
614
11504
4971
20777
11676
0
9234
0
0
0
12782
3530
3
0
0
0
0
11116
3
10421
2764
9732
0
0
0
0
2
5
14350
4483
23883
1013
0
6947
19216
1997
0
10967
53
6775
7
3248
25385
6897
4277
0
55
1236
4
0
0
0
8176
2880
22226
0
6651
19205
1434
3466
10776
13509
0
286
499
19063
186
0
0
0
0
245
2689
7523
124
0
0
18904
3281
7517
0
1495
18571
4197
15519
1005
16753
10402
1634
8902
0
748
0
5097
5677
8672
0
719
22269
0
0
4555
3
6687
2
4142
4317
0
2693
24674
9684
126
12776
0
0
0
16357
21665
19819
534
8513
2
1994
0
13713
3
114
7599
1099
3
0
7130
763
0
0
0
12917
2784
4497
0
0
3549
0
2925
0
0
7045
0
0
6182
230
9890
5005
0
20011
0
0
0
2909
0
0
11
0
0
0
9516
2485
0
0
0
11581
4981
5942
4928
3
23952
16370
0
903
0
233
0
0
0
774
8858
5899
0
118
0
10282
12470
0
4588
2493
1585
4298
572
0
774
4942
16148
11
17435
17108
5554
4945
18699
13907
25643
1
0
774
0
10530
0
0
0
18564
18908
1754
2877
10099
1635
4515
332
5
232
12040
8265
9639
12522
10738
11998
3791
0
0
22424
6657
0
426
11084
13676
0
0
4243
13619
226
5857
2261
7496
11
1707
2296
20195
14967
460
5143
1338
0
0
0
8912
0
10395
0
23769
789
21584
0
0
0
2375
3543
0
1865
21997
0
2521
0
15659
0
189
13742
16170
6528
6923
7825
1815
3432
17459
10347
3
0
8109
12976
2014
3
18018
9854
9507
766
0
18808
4699
14801
949
3221
0
6313
26372
0
0
6669
138
3087
0
4217
572
6271
1367
3684
7784
27
8692
22214
14805
4
17097
1055
5257
1758
1892
13558
1514
19550
0
12320
2336
0
16721
11996
0
0
0
0
22819
0
9111
1815
5107
199
2067
0
0
661
2378
0
909
0
131
0
12803
955
0
16143
23393
4435
8758
12011
0
1582
0
7697
2846
21873
8296
6139
245
35
0
0
2
0
13282
2
116
5475
1115
3505
0
0
18130
2784
0
0
0
19163
0
0
429
11199
182
0
2742
22430
156
0
18786
7052
4254
22862
1999
12989
9597
7794
5
12270
1958
14883
18202
9012
54
1865
472
0
19619
13317
0
23826
3589
0
24581
3295
4684
218
5
5551
0
0
14624
0
5271
20133
13401
12197
16712
0
15861
15895
926
24782
1799
626
8436
4
563
9128
3930
3104
9650
7022
12091
5333
17559
9470
0
0
12416
4
0
0
273
0
4484
18472
0
5023
0
0
0
3014
862
21159
5119
9377
11856
0
0
8755
2426
0
9160
0
7072
6453
3574
10816
9804
0
602
0
16731
4047
0
13259
1335
2
843
0
5203
589
1148
5735
3
2
57
918
4
2087
0
10011
24975
0
0
0
2707
17172
0
0
8527
18525
2
1914
4840
45
11825
0
3586
13481
1239
11223
3305
7
11344
15732
1035
0
2316
6167
2175
2575
2639
11824
14955
13630
0
763
12895
240
3218
3703
5288
3022
1728
0
0
4109
5942
4098
22287
8785
20094
7754
0
4
5082
8046
13627
0
10
24428
7126
0
6931
3001
0
7675
8097
0
1493
4771
22108
17540
0
17466
0
1612
5945
0
0
9
2299
0
0
13969
0
0
6241
1412
171
1694
6891
3223
13130
8694
6368
0
7542
3
261
217
12434
8653
4368
4816
551
2330
6027
0
0
0
23183
13890
4661
0
1409
0
0
380
0
12107
162
3547
14839
248
2312
2252
0
0
5649
0
4054
3252
5144
1384
0
3076
12218
748
23815
0
12406
10694
4
0
2114
15701
2366
0
8752
19551
6561
19861
4849
193
8829
649
0
0
13886
8037
20331
22457
2893
5797
14297
2426
0
8367
6655
0
12389
7991
0
1950
1492
5529
4578
3950
0
6763
3053
12140
0
312
0
10370
3
161
15244
8594
807
2
0
8060
0
0
0
0
70
2193
85
1082
427
0
920
6513
15284
1006
250
9520
11050
6170
0
11066
0
54
222
0
13993
0
0
0
5337
4391
9616
2527
13599
9744
1021
0
116
9
0
12
13214
9169
0
1
0
750
815
10928
7841
0
21400
70
576
1005
0
0
4
16613
1642
0
5277
10470
24278
0
3915
31
2829
1947
0
4
25736
0
3459
4
0
2659
5842
0
1920
2161
0
5948
8154
2304
11946
14457
4721
5898
4
0
16600
0
13441
9643
14899
358
0
7457
0
13168
12039
13318
21606
10318
2
2109
13172
16068
0
4445
13518
0
5784
14962
3939
19
11807
7028
4
21657
14240
11503
0
0
15360
1077
841
20615
15104
0
19009
1040
12064
0
6830
0
848
40
0
14281
1708
22706
20643
0
14112
19958
1764
0
7671
0
0
0
94
3
17450
0
3
3
218
6626
15511
146
0
0
2660
17583
2774
13531
0
19260
8592
1746
0
7178
4184
4354
0
0
17326
15546
10943
14673
13556
6569
0
13317
1673
5
14312
7
6612
21401
4
21285
14711
7232
15176
5851
4449
21695
9797
74
8426
5932
17
5512
3
18852
0
85
4
0
8278
9435
8979
13735
669
1861
0
0
2435
0
0
0
7247
13901
14913
16375
1505
0
0
0
11786
7084
2973
5
2
1357
13050
2867
0
0
5397
2260
23413
1
1856
83
5359
0
19528
108
0
28
0
17
0
7593
4359
11257
10158
16305
88
1781
0
2472
10512
0
431
8985
1487
22645
0
118
3764
1722
0
0
7242
246
1
0
22623
16016
0
18739
7713
510
283
10855
4400
51
1151
12594
1188
901
6977
14771
14641
8
0
1
450
4439
13960
18051
11625
315
23294
1700
3
5
0
9060
210
0
9040
4971
0
2
0
16576
1380
8492
1028
860
0
10317
12436
0
0
125
0
11919
2
0
15774
16759
3530
0
10045
8504
797
1
6547
7384
11313
7024
13055
99
0
696
0
0
18019
4
1
9666
0
7926
74
0
4
128
0
293
13503
1183
8984
75
0
1160
6839
4
5
16938
0
2455
0
24249
0
4698
0
0
16429
3
12001
26626
0
23512
2578
2980
0
6339
0
0
14724
907
283
0
9318
0
8597
1782
9498
242
12971
5760
16815
13936
3581
5127
0
0
5585
1099
2
13274
0
10907
3224
0
6
0
20715
16342
191
1836
502
1716
0
0
7234
56
0
8959
17011
15232
11282
0
0
9447
1886
0
0
14807
5513
0
184
0
1535
154
0
1920
12486
211
20637
21774
25016
4069
3236
0
876
0
15825
4305
0
0
0
5803
0
7882
1
0
4252
9637
7424
26983
13294
7997
3836
0
3033
9275
4
7484
9899
0
17618
10265
1332
3
1089
5015
8209
0
19427
9403
6499
2335
4
0
3065
21993
2623
9251
765
5
0
1
95
0
537
4672
2032
89
16206
79
21488
2586
17627
3541
7
2593
0
0
6074
5583
0
0
0
1
16737
5933
0
7100
14538
0
3465
0
7
0
0
13035
7194
11019
0
258
0
0
0
473
0
0
8356
12444
128
0
0
1894
0
297
8408
23393
0
0
25
19291
17426
6894
16468
20
1698
4
9
0
7053
372
152
7673
3796
14403
7110
858
13710
13128
0
6977
0
0
0
0
10382
23964
0
0
14073
0
23
0
377
0
0
0
606
12351
0
7088
17812
24887
3594
0
0
46
0
0
15112
0
27
0
8870
0
0
0
16089
6830
11636
13734
5
1760
14798
17714
14032
0
4062
0
1266
8468
10969
1204
1177
7902
4393
3243
5079
708
13837
549
0
0
6712
13617
0
0
13
0
0
9406
22399
10392
4724
0
644
20448
430
113
0
1117
68
0
0
12866
13345
0
0
4005
5971
0
8910
5487
2061
21754
1
0
90
18627
10407
17120
751
7955
6333
4147
0
7093
5565
15890
5726
14639
0
1396
9805
7279
14223
1708
0
15007
12472
17734
0
4030
0
9180
0
53
0
1534
874
0
11956
70
16976
5822
0
14444
0
6445
15137
0
432
86
2249
47
929
0
0
14860
1894
0
0
4838
12168
0
0
5
11419
12402
485
0
1676
1981
0
15002
51
3248
19442
14993
87
0
18019
17738
15040
0
12966
7227
5500
0
7717
3343
0
21710
3977
6735
0
2476
349
25160
529
0
12118
17946
19678
21217
5296
13289
3829
0
24233
0
7753
4453
1
0
0
3875
1
16294
5
0
11908
0
4077
0
7105
1323
0
0
0
10
0
3688
0
1292
0
26
0
3
1290
17638
193
13598
0
8657
4120
6550
8020
2286
1171
0
14755
16404
43
863
19488
0
99
5341
176
8923
72
2914
1
14646
0
8702
18776
7364
14732
5
5253
6154
14861
6812
1240
11405
2836
15162
18996
7113
14355
5290
12914
12574
851
15336
19059
4154
758
27070
0
0
4
0
0
3537
20840
0
849
10149
5684
15725
1363
4672
6086
19368
69
6506
16924
10399
1155
0
82
0
4437
3849
9940
3824
0
22340
18177
9
0
12971
12324
8733
16029
511
838
836
0
4668
7625
2510
16357
2591
0
13428
23754
0
12548
0
3417
7188
7736
3
3899
2000
11501
7819
13130
16778
20886
11865
6288
7556
946
0
18815
3745
22814
687
0
0
7109
1478
3004
21501
0
5
13019
11505
7817
20635
0
0
9962
18041
1775
23665
0
5462
89
11114
15183
0
17583
151
8438
1301
0
2332
7064
3
11643
0
0
20170
13553
15785
0
0
23013
2839
2178
0
0
4
0
2
9112
0
955
2609
0
0
18724
12716
3090
0
3664
9278
0
189
18878
0
10489
0
5279
17204
4387
9801
4099
0
12659
609
0
0
6024
5765
6130
15
0
4507
2
2634
8286
5295
3764
3684
18421
10949
12606
0
0
4374
7324
117
14915
1762
8500
25813
3
2671
9321
10562
1016
3129
653
6435
13674
0
19073
14411
128
29
0
123
4859
10018
14990
0
77
6235
8305
0
0
10216
7182
12430
26730
6801
4677
871
2887
2138
2742
13807
0
2370
6895
0
7776
0
14
18
1486
9
13475
17793
0
4509
435
22
16833
0
3
0
21770
11006
10260
5807
25846
860
283
13043
9950
7347
18015
2
13098
1
9559
0
0
13373
9697
5528
15
0
3
5
5119
4044
1861
26330
0
143
112
4215
3473
0
11128
8685
2708
337
0
2405
12578
4
0
13563
8395
1041
4680
10221
0
2505
6404
23270
12492
0
9952
3
3490
0
0
0
4
1305
1749
182
16820
0
0
3211
17117
7565
4877
3145
0
11310
2990
4175
20883
7
6923
17923
0
19993
187
5800
12754
651
4493
11999
16190
13657
12582
13481
219
5719
12879
11254
0
12564
1
0
13881
2162
5345
76
7776
5821
0
0
1799
0
1663
9435
29
2912
1
0
25584
2844
12742
19062
0
1717
12966
1920
20772
7116
8314
8
4584
0
28
0
2
1867
12216
0
21425
16513
5538
4553
209
11157
7498
12623
3538
0
17017
13018
11360
11303
4699
199
20184
1224
94
4251
11533
22185
0
2842
3
3
0
6490
5380
7114
11967
16061
689
1865
0
0
24845
0
7396
26253
0
15599
8700
3
40
22007
14080
15820
0
9837
15763
5848
3469
1914
10967
2613
0
461
0
9781
0
5324
21632
0
0
13414
0
0
4606
20585
4588
0
0
5708
7163
6197
4726
762
9145
2423
15185
8106
13848
13257
18087
0
5106
6
7834
4
0
3128
2525
25
0
0
6399
0
2068
10464
0
15759
402
6436
0
18681
0
129
1378
469
0
1324
19494
2505
0
5804
1476
0
0
3
3674
14541
23827
12849
0
20085
0
5
11890
4
0
2783
12635
6328
2
16511
24731
1672
737
8490
0
18054
6785
4158
0
566
14035
0
1221
18377
11679
3728
56
0
4375
10311
13277
0
0
1891
0
13
10368
0
1730
0
16465
25730
5427
0
6622
1346
73
30
587
5
26
739
6339
428
16272
0
6
0
0
6073
627
1746
0
0
0
0
7244
6772
1159
0
17391
11170
12796
10907
15743
26369
0
0
0
3088
288
24578
0
1550
0
0
22835
3836
7
6107
0
0
1960
0
9535
88
20
18070
10851
2524
12652
2
2399
3846
0
6746
408
2150
0
251
9256
6041
14454
1848
8661
7823
2624
53
2400
0
7814
4895
4733
21229
0
6892
24782
0
1806
0
889
12252
4627
22439
12125
4504
14946
18386
8995
106
21138
0
240
2817
1500
0
0
0
9391
0
18764
3150
887
3607
11338
0
15146
11696
3681
4713
0
4
1833
11979
0
3
0
84
394
19638
4811
0
8568
2714
4
5365
17988
0
9917
13208
0
0
0
12775
428
25923
0
5
4657
3
0
3374
3
11638
10695
16758
11325
187
2399
0
5231
17060
0
8694
11724
9385
505
6039
95
0
4015
15400
13574
3347
8954
10139
18737
15730
0
0
0
6
103
1059
0
0
18627
13194
15133
0
10273
0
0
0
185
1578
16149
0
9544
6
10366
257
280
10272
12775
15253
0
0
328
3377
19930
0
18800
24747
4177
2
2235
6048
0
0
5
0
13396
1021
0
11164
1833
6855
5775
0
6307
11432
0
20549
1253
0
10925
1
0
20870
2990
12608
2472
3
10249
1389
2001
6407
10833
22278
3
6
3317
3202
0
0
0
9109
8891
0
5
5243
1511
873
11774
20735
0
1182
9422
18670
13709
0
265
5759
5176
1417
0
12474
19710
4189
0
0
4473
0
11666
8686
8631
0
13899
0
0
21969
0
9131
9768
0
17787
18068
9608
2596
16
4187
8274
9
5415
10620
0
3567
8708
15200
8712
6506
2904
128
5
9528
0
6
6989
19284
1089
12177
1
12051
14184
46
10473
21630
5309
8356
14734
625
0
0
12658
6189
0
11396
17
13983
3218
2160
24944
13882
27052
0
0
1292
1687
2651
0
0
801
0
4953
289
3915
21551
24810
7
8162
4480
24303
0
17906
10520
534
2772
427
12418
22489
4017
0
10554
7
5305
9026
3483
13640
1403
7747
26468
2279
0
10444
5051
0
1047
1236
0
23448
5469
11754
0
437
20405
12861
0
1
23367
6332
0
0
0
0
10238
0
753
0
0
2361
5575
15878
7238
3818
244
1069
416
0
1529
5
8
321
9746
102
36
0
26440
433
3198
4
3
19983
0
2946
708
7008
0
0
4
17563
9470
0
5635
14695
9576
0
0
314
9603
0
12851
16361
0
18951
3507
18034
7011
7250
21715
2005
390
25938
6316
6576
3675
0
0
20190
13712
0
0
0
3
0
0
7
3370
0
4312
8269
25163
18850
0
0
0
14484
14407
0
0
13833
0
188
8240
0
17222
1119
25439
94
204
585
20033
1954
0
6736
5674
0
17411
55
3518
685
2760
0
325
477
6312
13101
0
7152
2185
155
11456
3285
0
5379
0
4316
4233
1576
0
0
5577
0
13828
2
107
56
16965
0
11955
2014
5438
2062
15335
810
2
1556
12300
15927
0
1133
853
3382
2
15082
0
0
3896
3
26663
0
18913
5
1052
0
18784
0
0
3593
8423
0
2665
198
6059
1024
0
0
5765
7403
0
0
0
19788
0
1877
11455
22775
7412
5044
0
0
17100
3064
9605
2918
7220
1200
2538
496
4492
22852
0
6
10168
8715
862
16826
1867
298
0
4829
434
2515
12734
19951
0
12006
5218
1161
600
0
0
0
9558
20480
5888
6389
0
4
681
11910
0
4
13625
98
0
8946
4969
15107
18369
3
160
0
17035
18032
11132
862
2901
23
26298
15092
47
1029
8687
0
0
22639
1628
0
15727
2342
7644
17
6722
0
0
2203
0
5763
15548
8470
0
17581
0
0
0
11941
1521
1155
243
14653
16374
14957
0
12115
199
0
1468
9656
4
42
0
0
0
17384
4154
13854
0
13744
26093
6273
0
7727
12
7205
9
14596
0
1360
4071
2716
64
0
839
9110
3689
0
7400
12978
60
819
4933
14969
4143
6283
24016
89
438
0
2985
0
985
0
1
12825
1121
1989
16230
0
1146
0
25687
6367
504
36
1283
0
9066
0
0
0
0
1
4110
3782
15
27027
83
21350
7660
0
0
769
259
5194
0
0
0
2
9930
0
0
27446
13620
11
7083
0
0
3303
114
24
0
5137
10158
10784
5329
4678
1
0
1240
18501
0
3
674
17585
1307
16883
0
0
17779
8557
0
24643
2664
5733
19145
10423
27
4505
8919
0
13416
5716
5296
0
0
298
0
154
4359
956
12613
8775
7321
0
127
0
0
5124
2894
0
177
12204
4160
0
7355
0
58
2321
5310
0
5703
0
7927
20045
25556
2672
0
307
26204
3809
0
15886
0
11099
3211
25152
5380
5955
10765
17885
75
145
14006
4034
62
833
1887
6616
2026
14302
0
12970
874
6275
10784
6451
0
20863
12290
9878
0
0
17
12869
18582
165
2152
8089
0
11
360
435
19520
21249
9
13677
0
5182
0
113
0
22267
5953
25438
13
0
5
2344
0
5233
3
2055
2196
16413
3005
5284
0
0
16707
4950
0
1706
0
0
11139
0
0
7267
4
0
1195
6812
10490
19843
0
766
1261
2714
0
6620
0
0
19670
0
13884
25092
0
25806
6997
0
0
11035
3960
0
80
3493
13998
4
0
3264
0
0
0
2578
8420
14877
14514
0
6
6090
0
2098
0
0
6171
0
3659
1079
5993
16995
11562
23808
0
9451
0
0
4603
17304
18657
3124
0
17968
76
14517
22981
3390
6
0
13717
0
0
903
0
690
0
0
21007
3418
0
13296
0
9310
0
1183
0
51
22280
7
3
0
1
2676
103
6016
20955
18617
27685
4016
0
5797
149
5218
895
0
0
0
1033
1476
19493
38
9
4747
689
5895
0
0
13274
3
4
1809
0
4753
1854
5
11599
2149
0
14725
2694
0
0
458
203
4
0
2133
8025
3
20363
16551
0
0
9502
616
24516
5109
256
13891
0
26377
0
14803
923
0
48
1788
1079
13768
0
12513
10831
0
2768
5752
15511
491
13170
6
18525
377
0
15679
14
68
0
0
0
151
9440
0
0
17355
10390
16457
7040
1045
10835
16256
101
9408
6447
0
0
2710
13321
23629
0
4
275
0
0
50
18689
19443
4597
6831
4056
2757
22347
0
13782
0
0
6382
9654
8664
12347
4
5487
0
0
7925
8686
3749
2005
0
0
3320
19774
2685
27966
3575
19185
7
0
7281
1224
4
8661
7376
0
0
0
4
24970
0
1936
0
552
0
14446
10602
10027
9497
20924
537
5433
13966
9522
4
20592
0
0
5714
6175
8
5489
9347
506
0
0
483
25122
0
9
3107
1080
3
0
644
8330
1286
0
1287
674
0
81
5
0
6057
0
6105
0
633
0
23098
3392
0
4889
6753
0
4550
14106
0
16
126
0
893
5354
0
7
21875
4128
3
11275
4211
0
0
3768
0
0
5032
39
6201
9213
0
12635
2941
20141
3239
516
5598
891
0
0
18595
0
12988
593
2729
0
8
1166
2496
6260
207
15943
0
24992
125
14370
2687
0
11244
0
15987
10155
4
6134
7315
0
23020
5879
0
9240
0
0
301
8
0
0
0
435
9784
4153
4503
1423
3598
13263
91
13195
24
0
0
30
11216
8680
27090
11670
0
0
18107
8206
8293
160
15636
0
348
0
14209
0
3
80
2794
6870
0
9573
0
21312
0
0
0
2023
0
33
0
79
68
7857
0
0
218
0
0
3938
0
13534
7764
0
12704
0
24183
25
31
19499
8720
3238
6
3406
4
0
0
2187
305
19201
0
1377
15501
0
0
11062
0
0
1135
6247
1167
14164
6056
21601
8240
4384
0
7348
1873
4772
14440
41
0
1257
19295
16534
0
0
0
3
7404
0
24313
7671
7840
526
17789
17451
0
5578
8872
0
870
0
1
0
599
0
20
39
3248
0
12
11381
0
2151
7920
0
371
2357
0
0
12021
375
0
0
0
9927
0
24027
19182
553
1421
0
0
2417
0
0
0
3379
5788
21542
202
0
13928
0
2587
0
2220
4945
0
3
8677
5
0
576
14394
1622
0
0
12357
4
0
9910
4070
0
0
0
0
27238
4147
20964
64
0
1712
0
15599
0
0
0
0
0
0
0
0
5
25228
4
0
2330
5234
0
20924
11230
17247
7421
4036
679
0
70
43
3254
402
0
1872
11234
1975
1972
4
12808
2009
1
0
0
399
7127
14334
156
0
7253
0
18217
0
6429
0
383
7472
3
0
0
5133
508
9394
16023
0
10310
13
6816
580
0
482
0
1286
3785
2117
5693
17821
9
969
0
162
9662
1
655
8483
0
4
275
14610
3347
6214
0
3
449
13671
11326
387
18389
0
17658
9993
18122
0
123
7167
0
8272
4
2445
288
0
12080
0
8217
279
11561
11290
16
1939
626
0
0
61
620
3098
1
3417
10131
0
25
16694
0
17
40
14828
0
0
0
0
433
343
0
13269
15534
1287
0
20312
21775
16726
35
0
16375
0
0
0
20015
9526
0
0
0
0
836
2943
0
2575
14082
681
0
9951
1997
0
0
0
3914
0
14449
0
4347
162
0
0
4
59
5717
4256
362
0
5613
9
7177
43
4377
10224
494
3729
8103
13451
5006
841
4049
0
0
931
7534
1663
0
17327
0
9795
9212
0
0
8383
0
18462
0
12448
376
0
7
3974
0
0
6974
710
16683
3827
15946
0
0
7665
14112
14548
0
8807
6856
6169
495
887
2434
0
10656
100
0
0
1927
0
0
0
11190
25589
0
27728
0
682
26167
8313
7580
24333
16157
0
9061
160
2972
7181
4149
78
18953
298
6026
7425
12357
303
6
0
0
40
0
101
260
0
493
0
0
4507
23861
12196
8
672
9650
9777
8064
992
8866
4
12066
0
23976
9772
15332
0
12766
4141
23116
0
0
14722
25057
2574
5853
6678
5963
0
8697
3849
0
1326
15726
0
25893
1221
0
0
755
4255
21734
0
0
28344
2798
12248
9993
468
0
7280
117
802
6910
12548
870
3811
10575
0
3721
2623
20401
874
12208
0
0
4399
6027
1836
8527
47
0
5334
0
5886
0
4506
17700
16760
0
23689
14981
10903
1088
0
21975
4130
1481
0
7162
721
5132
5
0
0
0
821
0
14654
3461
8858
8034
10714
416
7374
0
7908
14791
3
3365
0
4386
4
4299
125
0
0
203
18949
509
14979
6633
4540
0
484
13599
10493
1067
6471
0
0
1035
5
9323
0
27141
13445
11659
9575
10
2515
0
0
5453
0
0
10887
397
0
5053
8664
139
1126
0
936
0
7768
0
10130
0
901
6159
8
0
3700
14
195
0
4131
3952
11687
16509
669
10810
1431
2815
919
2762
7940
11491
0
18196
244
923
3198
13334
4
0
0
18684
540
43
11231
8266
2970
0
4818
17
492
12982
0
5
12441
8316
3704
3392
13056
4342
4263
0
0
333
19368
0
0
0
19
0
1480
3842
8168
18460
0
0
10780
0
0
1492
0
0
1447
0
3522
0
0
7980
16874
9
0
23610
2999
0
2593
8283
0
13381
2928
7533
5120
0
8556
0
0
9059
6154
5993
0
3633
0
4
0
0
11003
722
0
1871
3950
15830
0
1141
5509
13018
0
19505
6380
7482
0
4570
8829
0
6759
8531
6749
127
16971
14586
8591
2139
328
6309
7213
96
10226
1
2021
0
2
13554
42
9037
34
14665
0
4653
19198
9459
10659
0
5176
0
9876
37
15984
24736
12301
0
102
0
3877
0
3439
2140
17604
1743
18126
6530
4927
615
8558
6
820
3308
5646
15329
0
19674
485
3024
9567
6362
0
3454
0
3074
16945
8063
709
4635
7020
1780
13254
25479
5353
0
0
0
10373
0
962
0
0
22688
6003
21941
0
0
650
2944
0
6076
6
0
2317
4814
0
0
2289
0
0
4
6125
33
5968
9527
6489
0
1497
5276
0
0
504
3073
497
1088
0
287
0
9722
0
10785
0
8352
2190
0
14396
0
19052
0
13614
0
6574
27822
17614
3121
981
7014
6982
0
12327
0
13804
16892
19740
5156
12531
25651
0
3024
0
0
8946
1598
0
2832
48
0
12704
7064
0
0
13738
16101
0
1976
21533
0
3282
0
9074
1179
3035
2122
4843
3
0
1
1980
0
16054
26309
0
12768
1091
0
2740
7662
5
11852
0
1300
0
0
17803
3893
14815
76
13992
12
0
4951
22714
0
1035
0
1011
8949
0
1
0
2776
1478
0
3345
2399
2313
20171
11169
5914
6204
18
20047
106
0
1588
3164
607
5935
14230
879
168
16
13213
59
17086
12788
7338
3479
0
0
1
0
0
20256
16016
12521
9
11097
7867
11847
22215
0
5862
59
4456
8207
0
0
18983
0
126
1087
0
0
27968
1107
21178
19852
3
8977
3083
0
0
1563
7769
13805
0
1229
2842
0
1101
27506
0
2626
5
15828
1113
12237
0
0
10629
10227
2201
7402
0
19349
496
5081
0
4
0
0
505
20176
23
11788
1679
16
3560
1399
1
0
0
5177
0
0
10687
0
8
2654
21183
0
10595
13314
15053
62
1311
2
0
0
3
14787
18394
4256
22317
0
22362
5640
377
4677
0
4312
13131
0
5
8
0
174
0
1194
0
0
193
5
662
6358
7984
1
5115
0
6668
8002
0
0
4410
4626
1276
1647
1
0
18866
0
22756
0
0
16413
0
5150
10378
0
15375
4305
12264
11
6581
21955
13869
935
21500
0
13011
5388
14870
13141
10140
21154
11569
11035
1734
0
0
1319
13347
0
0
0
24641
0
19250
18087
15168
3
0
14817
0
6762
3790
2112
0
247
0
0
0
9680
857
2707
0
4761
1
25
3
0
0
609
8569
1988
0
365
10890
0
16046
0
0
22838
4219
7906
14355
0
10912
6880
18819
0
23156
5061
4506
10993
833
1236
7505
10664
3290
0
1372
0
22901
4822
0
0
9453
25
1167
7238
11630
10775
0
0
7329
0
0
9165
19907
0
3161
12104
1
5251
0
1767
6743
0
7719
10214
19890
6464
0
15440
0
0
5977
0
12771
0
8609
0
11
8231
2224
26252
0
7064
0
581
0
14310
7692
0
12106
5250
0
17458
0
2679
2034
8652
0
4977
10378
0
9976
9640
0
13978
13936
12704
4687
10192
3347
0
3424
2
13977
5965
11845
8306
0
0
4594
0
1770
9993
1819
0
9557
0
8355
15394
0
2783
6068
12100
0
28750
13475
427
2519
17702
0
22952
3368
3565
0
18483
970
6303
0
0
0
4478
0
27
6241
0
0
0
2738
18970
24478
12128
0
0
0
33
0
0
14913
13326
6946
0
4703
1552
10331
4929
3
7519
0
0
1560
22300
0
0
0
0
0
24608
2007
5583
0
0
0
0
0
26722
8202
14577
23701
9888
0
3007
20467
0
26501
7695
6022
0
0
0
5076
0
2
3226
0
2735
12784
2883
0
15
0
0
17389
0
0
9318
0
0
660
6318
0
6
17318
0
16708
2073
18
11224
4
17409
6373
13439
3661
9984
0
0
0
6
10890
9805
0
6831
1863
273
0
0
1745
1
1581
5110
5213
0
15529
0
0
0
4980
0
5
0
1474
1092
2787
3510
13982
6902
16481
12790
0
23102
493
230
1051
10833
24740
3330
0
888
320
0
6311
15972
0
262
4715
1773
19338
0
7355
0
1399
12824
0
20995
10720
0
0
1102
2232
6724
0
4091
464
107
0
0
13633
2771
0
0
0
0
538
22476
18862
4426
10593
8828
13485
230
5874
27
1177
1017
21493
698
7
0
211
6
6265
6297
5817
0
262
14439
3209
0
1
28465
6848
3958
0
6259
0
0
808
36
10823
0
3
4
0
1402
19150
1
6
0
0
0
7615
0
7850
6055
0
18305
0
0
7556
0
13231
0
1605
3243
2
0
12175
21621
0
4979
826
22818
748
5776
12301
262
0
9766
5243
9077
3141
5
0
10749
15767
0
0
0
0
0
0
0
18127
0
14641
2449
3917
7
22477
10223
8544
9598
3360
0
0
10452
0
12398
11510
1
0
1638
0
7
1943
0
17508
1615
3576
801
0
0
379
0
6417
0
12232
0
15843
3196
0
0
0
1814
0
17
3776
419
0
7
14960
25820
13408
1789
0
0
435
0
6
0
202
4626
0
0
0
0
0
15
0
0
7796
0
0
0
0
19723
7628
0
7887
3
282
13506
0
1075
0
0
16689
32
0
0
2138
6
0
18215
3
0
842
0
0
20757
9638
36
0
17471
5424
9597
19210
446
5
0
6045
302
961
1442
9537
15607
22
0
0
0
28652
14779
0
0
1769
2587
0
0
10818
10537
24303
0
0
0
7720
0
14122
6009
2019
0
21072
0
0
0
3147
9693
13237
0
0
3171
9800
0
0
18397
6246
0
498
16883
4117
0
0
27791
0
0
13
0
12830
295
0
0
20483
12
0
5280
0
2863
5191
0
25187
10175
8359
0
0
4
1869
506
2649
0
0
15482
1409
18927
0
16514
0
0
0
9805
9908
1399
0
11530
6579
250
0
15327
0
0
0
145
0
0
26812
2
14611
7
12870
6581
3193
28283
6731
9201
0
943
635
19146
3
0
0
2740
25287
0
7279
4
21041
992
48
0
1239
0
0
0
0
0
0
2791
0
18148
0
13044
22345
6849
0
0
0
0
400
23
130
0
3567
21822
162
10907
0
14582
49
0
0
26538
1106
0
5834
0
0
8412
0
9513
2524
112
0
0
13897
0
0
0
0
0
3130
18635
1892
0
0
0
25275
14
0
3050
0
299
4
3
10110
21279
0
20764
6
2359
11528
0
0
0
6
0
0
0
0
3
0
0
18974
0
1
16455
14601
833
12970
10469
0
17
16925
763
0
238
2151
0
1084
9849
224
0
7662
22457
0
0
0
1233
0
1053
0
0
100
0
1091
169
0
0
13795
391
9
1756
6614
14747
0
0
24441
1737
2201
13046
7276
1172
0
692
0
1719
14527
0
7182
6
18924
6432
0
324
21862
9131
14
17939
16725
0
5801
0
26
7670
11828
5347
0
12482
0
4412
4323
0
0
68
25419
10
0
9083
0
118
0
17972
0
11491
0
19699
0
0
0
643
10762
27381
1987
0
2515
0
405
1057
25253
0
4
3248
4013
194
2
0
2
1874
670
0
0
0
0
6275
94
125
0
4201
0
6762
0
6
0
4354
12255
2
0
0
0
0
16100
106
0
0
14238
2014
20944
1653
1196
0
547
0
12099
0
1838
738
23222
14921
0
5076
4156
0
6940
1542
284
3169
27
348
0
0
0
0
6761
12
975
3723
0
8090
0
4
0
24199
6905
2043
4628
14788
4050
11616
0
0
0
0
0
385
2675
721
7004
7187
0
9672
1351
0
18146
2103
995
15593
0
0
0
4304
48
7753
35
4856
1028
5419
3502
2357
0
0
11454
387
12969
0
0
75
0
0
9701
26064
12639
11391
0
1169
0
931
5694
7676
0
4123
433
3
13344
15568
2483
4
3718
0
4
2264
3
0
0
22615
0
6
0
4207
17973
0
66
3964
13039
0
748
16990
0
1590
12056
1840
0
9516
2372
4527
0
0
6528
112
4987
1770
378
0
0
12887
0
8659
5740
665
0
8726
12287
159
3884
3562
0
5
0
0
3617
0
0
0
0
4
16561
14684
706
15688
0
259
15249
7702
0
16242
18491
35
10647
283
18833
11019
4760
4935
4772
2878
0
7653
22350
0
13
0
2774
2
35
0
13
0
7091
0
0
16011
127
0
12065
0
5196
1320
14737
0
127
0
73
0
0
3789
719
0
435
4041
0
7580
2681
1703
302
15678
2550
0
0
0
3038
0
5
503
3
0
3
0
0
10762
0
3781
11138
0
0
4587
12330
8794
27081
2757
16919
0
0
0
22628
21220
17908
7546
1374
3852
1813
18809
0
14624
23496
0
4140
1979
14158
0
438
9216
0
8271
0
8480
10121
2902
2313
15
18
0
0
0
0
1073
8
0
0
5116
1892
19823
5
3
0
0
10513
0
12698
0
307
0
0
26734
6609
0
55
1561
0
0
6
0
0
0
0
14640
0
0
0
22950
2
9
20132
9728
3032
4999
16341
3
0
0
14697
13260
0
0
0
9110
1
13236
231
5
17224
4862
0
0
0
354
608
3498
934
0
18686
0
92
0
469
6
0
1144
0
165
0
0
577
16473
5012
15321
3142
1999
16813
16
2690
0
0
12770
4718
219
0
0
9014
22724
0
1084
8332
0
0
0
0
793
0
0
0
0
45
7605
8769
0
4108
17924
0
0
0
4627
211
9457
196
5756
0
3
12359
0
0
4648
0
4579
0
12640
0
0
0
0
10375
21
6590
19450
0
0
3759
0
0
5722
0
0
0
0
5117
0
59
0
0
17514
86
605
0
5
0
20999
0
0
12424
2351
581
0
0
1248
3711
0
171
0
7
6177
8735
4830
0
4
6264
0
0
10921
0
3164
9067
747
13797
3
21
0
3385
0
0
0
21871
0
6991
27058
0
3935
21
165
0
11388
122
0
12886
727
301
42
2388
9028
0
0
16335
3185
493
3578
10
0
0
343
11713
0
12156
6426
202
0
0
6108
4014
0
1413
6085
22181
318
190
0
0
12
32
13
9983
2779
12377
247
2046
7641
0
0
2567
1611
0
0
0
0
4
6
0
0
3
0
0
0
200
0
16208
8229
0
19947
0
0
3047
9032
28617
53
0
21385
0
0
1571
0
7721
0
2417
10
2438
197
93
19450
0
20683
247
131
1769
0
490
0
0
0
0
0
10253
192
0
0
0
6530
11752
3563
1307
32
1250
2
0
5335
0
26467
0
0
3
0
0
1621
0
0
11
2252
0
9527
7586
0
569
4444
17
8407
6076
0
13101
0
0
0
0
15639
0
17821
11152
1867
1109
941
15488
3783
0
525
2476
14849
0
3
1204
4
2381
0
0
78
1986
15057
14840
0
0
8488
1378
7629
4973
327
0
0
22982
5085
21255
4
0
6681
0
2
12745
3
2861
6866
689
3111
23608
3
9927
2804
0
0
131
0
0
0
2113
0
1235
7470
69
35
0
2083
0
0
14447
0
4226
183
0
3653
25166
6358
1
0
0
0
24565
22227
0
0
2
10
0
7008
2759
20927
10107
0
0
0
0
4902
0
70
0
0
7571
14169
0
10173
0
8554
0
0
5528
0
4971
0
16240
18058
0
165
5553
0
6528
0
128
1293
0
6348
363
5531
0
10783
9827
18
22286
0
0
4733
13822
6108
0
3106
1022
3535
0
1227
4080
24650
24
3079
164
538
0
0
0
25509
7235
0
0
53
0
1
21336
0
2874
6998
0
0
792
0
0
3
0
11767
316
3229
0
24724
0
0
0
2
0
153
14
0
0
1128
5
78
20713
0
0
0
0
4
0
5327
0
0
3
16249
0
6239
10068
0
0
0
35
883
15795
0
4576
11711
6850
3433
119
0
0
0
2326
8243
2609
0
1486
0
18256
50
0
745
17574
2
1335
8720
2262
12
2567
2554
8815
0
16298
863
0
988
289
0
8978
0
13628
883
65
2870
8676
0
4860
0
0
2606
0
9659
14790
0
249
6761
0
0
0
26670
2032
21881
0
0
0
0
949
850
12
11200
0
0
0
0
0
0
216
0
0
16346
10477
3591
1086
6157
0
8586
0
6098
2462
670
0
17728
2501
0
0
1184
32
314
304
23323
0
3314
319
25437
0
338
7327
0
2961
24225
2448
1763
12
0
0
0
23
0
4071
0
19
1343
6813
4352
12445
0
8188
0
0
0
50
9334
0
1142
22953
7569
2228
0
0
0
533
424
18269
1384
14641
319
2
0
0
19726
0
697
0
0
0
84
4734
0
311
1
232
2129
18966
3831
0
0
0
0
1558
3
4823
14008
0
0
2
26613
0
18587
1947
98
4805
20517
11913
531
3962
3388
6672
0
0
0
4649
0
0
786
14482
667
11385
12760
0
0
2
4827
408
5658
5
3295
0
15223
0
12326
0
0
0
0
0
26651
4442
19193
1828
0
0
0
2011
0
2915
0
9557
0
0
0
0
0
12597
14415
8224
0
7
96
2
5635
0
0
28380
19217
0
0
0
1587
2768
2930
8136
0
0
34
0
2434
7
28
13690
3953
0
983
0
0
0
21404
15140
56
0
0
5
0
1460
0
0
4456
7439
9126
0
2
29209
3986
0
1701
0
0
0
0
2
0
101
10828
296
5
17537
0
0
28689
0
0
214
5331
40
0
11415
0
0
17125
1
9
515
11080
0
0
0
9208
0
2035
12944
242
0
0
26
1014
0
1971
100
0
18349
22819
0
0
0
0
3376
0
0
0
0
11279
18
0
13971
5405
0
139
0
394
751
1252
0
0
0
0
0
4
5
13
0
3782
236
139
3636
6116
0
0
21247
0
13082
0
0
2656
13423
7249
27
0
0
5
16249
8270
22906
8
394
0
17800
1313
1233
0
955
0
0
20994
8411
3608
864
0
4
0
2320
0
10495
3
3
0
0
6823
222
15682
39
3678
0
22
12455
4194
0
3612
0
0
0
9110
0
3
2369
258
0
19099
0
1
0
1285
5746
0
0
825
26406
0
0
3929
6262
0
0
10373
22072
4
9075
44
0
3444
9499
0
16639
22619
0
668
2509
8231
1569
6080
0
26
7687
120
18563
0
0
0
0
0
154
3299
2
0
0
1
3075
19465
2
672
0
1609
15291
0
910
0
21388
0
0
15125
4874
7
0
2
0
0
15047
229
6964
13477
5338
4304
2371
24013
12916
0
6427
0
11555
3
1
17765
0
0
28629
18571
249
0
230
26771
907
0
0
0
0
1397
0
8084
2766
3
0
10736
612
0
0
3707
18826
1061
0
8311
0
0
3701
329
15007
2
12641
23556
20
1097
832
4604
0
4978
4388
1154
0
9598
3856
0
3545
0
3726
0
2
211
1
0
23530
182
0
63
6751
615
0
4
8660
0
6693
0
0
364
1
277
0
13771
369
392
0
27994
651
7790
65
10
2
123
4992
0
0
0
3265
0
10
11274
16304
0
47
4967
0
6608
3215
8
2759
16312
0
26232
0
4478
7
7818
25781
0
293
0
5491
0
260
5298
0
0
8128
0
320
0
0
251
9553
28
7407
5
19784
0
15
0
0
0
9711
98
1810
2588
10
16382
0
0
47
1506
0
7
0
2699
0
2434
218
0
5699
0
3528
33
3078
10
4759
0
91
0
2
0
16601
1179
357
0
15932
9082
22306
0
429
0
0
623
12881
1005
4
6
6627
30
0
673
1993
0
264
0
12438
29322
234
0
16113
1908
0
0
10373
1
0
0
11120
3
7485
0
0
6
18103
0
846
569
13981
0
0
11777
0
0
334
0
220
4
0
16800
16079
0
799
4438
292
12231
21213
1417
137
13
500
3269
41
0
27573
54
0
522
12161
167
0
6794
18461
0
5685
11743
10458
713
39
0
0
1460
0
3265
0
0
2527
3117
1361
0
3815
0
0
0
102
344
15755
10714
0
6024
1800
2
14657
6596
3487
0
10062
34
0
0
20214
0
0
6641
23543
12033
7826
0
0
4
215
16582
0
0
124
1267
426
336
4080
9769
0
8098
19511
1559
0
10549
3
2169
2341
0
4
12235
2586
11976
0
0
0
6872
274
17232
3
2
36
609
0
179
3485
2555
14090
1975
8663
0
0
0
1853
0
0
0
2343
0
16584
2911
3260
4
29
1428
27
695
3
20988
7367
606
0
747
4993
0
2110
772
6106
0
0
1
0
25117
0
0
264
7
7185
11342
0
0
3790
0
0
25789
5
182
0
1131
93
0
0
14683
0
39
0
15926
0
0
6224
233
0
0
0
0
0
29141
0
14
0
24393
0
0
0
0
5
0
3
6949
0
0
6260
131
292
15829
66
0
86
0
1221
6983
4
7
0
6965
6447
29201
3298
0
12697
0
3
98
12083
114
0
0
0
17438
0
0
20394
0
2626
25251
164
9
7944
0
816
8417
0
1356
0
28683
0
0
6987
0
2297
1601
0
3841
181
0
13785
19812
8444
136
0
19262
17818
0
69
0
1679
0
6302
17545
0
0
24959
969
6087
8865
0
10247
23150
1857
0
95
22
3
1320
11539
6947
16400
5858
3
0
13164
4906
0
4017
7487
2719
3557
0
10170
10311
6903
12
0
20071
0
96
22228
443
7899
619
0
1
2
349
0
6
0
12686
128
391
4
0
6
6807
0
0
0
0
0
674
771
20678
20809
29349
275
0
17362
2127
4757
6251
4700
0
0
390
21387
3853
1
0
17
4
0
32
120
0
0
699
2
0
0
7
0
0
409
0
0
2626
0
0
4
4084
46
0
25365
0
106
8551
5055
6864
632
13165
18890
0
0
12013
595
216
11
0
0
0
2216
4
1328
0
4404
0
312
5983
0
4951
20158
0
160
1172
66
0
0
0
1
0
8896
20248
2065
9481
4958
510
4933
0
0
0
5
0
259
0
45
18395
4654
1207
1553
0
0
0
14396
0
18049
0
0
6
23
2886
120
0
151
12512
13609
0
2728
1099
12242
4
0
0
2729
0
4443
3
6754
0
7136
5782
101
15138
0
0
0
0
1814
0
0
5356
0
18517
0
0
0
0
4
5557
1262
796
722
121
793
0
4051
2649
11727
0
6232
2
5194
2015
6703
14984
0
0
0
21292
21953
8890
198
0
0
0
23152
0
12983
223
6902
21573
0
7
0
26929
637
0
7254
8148
0
29664
25635
21351
0
3808
0
21455
3318
2163
5033
10162
9769
13738
7250
20805
0
0
19337
0
6404
2317
4572
9827
312
5559
2966
19856
0
10071
19221
26344
6802
0
22868
15298
23493
4
6771
5603
0
2273
23207
0
0
915
0
20154
1370
5360
225
1294
0
0
3288
63
8924
10
581
401
0
6
2569
0
4
0
82
0
325
12004
0
9028
21502
0
16776
0
10154
4
0
604
0
3299
468
3
0
11
0
1359
2399
1623
0
6199
10134
1451
19035
5378
0
12543
2
1215
0
784
1055
13755
0
0
0
7937
7129
13534
2792
11677
10193
183
0
2141
4948
11346
0
0
0
0
27287
10058
5613
0
0
5
0
0
7114
10025
19683
3601
14648
14034
3268
1316
35
2841
5056
1358
0
0
39
2777
4364
0
25284
7397
0
1980
10780
19
0
1501
20
0
0
690
3
10046
20715
0
0
18734
24930
9975
0
12015
14636
13394
18461
15855
0
2439
65
0
65
210
1003
4604
0
0
2074
3547
11230
2746
12707
0
2409
0
13803
14
264
0
1982
0
1886
0
0
0
0
10
4131
15518
122
11374
16175
1108
9289
9129
0
26479
0
0
7032
187
0
1821
10858
27394
0
19573
0
395
16702
1358
0
3967
6331
8
57
8804
172
5700
0
21158
0
24466
0
82
1
0
0
843
0
3978
22900
2
0
7015
3333
3
3297
10616
0
0
24467
0
28809
21447
5427
12618
1
11240
0
411
2170
0
24845
0
11
1471
14154
0
1
0
0
3200
5245
6
4399
0
8077
5254
20178
0
18269
0
10188
6
20277
2128
6411
744
16419
0
0
17961
14824
0
6313
7143
3
13
22429
7497
1275
4
8019
14
5101
19365
5622
28264
136
11633
15893
0
3126
42
28467
29922
26002
5
0
0
58
11361
24922
23162
6137
3
17124
0
0
13408
21732
0
0
6803
0
5427
2
0
16
0
14
1497
7283
23463
0
152
6206
656
10283
0
20
9886
1333
0
0
0
15976
2223
7867
0
2370
3
0
2688
1139
10568
3170
11
17955
15651
6610
1820
0
4986
7165
592
6557
1159
13448
22685
0
13066
215
7983
6070
2523
0
0
3895
0
9513
9406
1303
12
4807
15963
6351
6856
856
0
8
8624
0
11786
11223
75
2451
4568
22329
0
5318
0
13734
7276
46
1604
6730
22962
1159
0
0
15755
0
0
0
306
0
13580
19600
0
26940
0
27088
10148
0
0
0
9158
421
4
0
9068
0
0
8246
0
25570
19737
11010
10173
0
841
0
0
4714
8116
3161
6646
9515
0
329
0
4053
19461
213
4714
2356
3454
3178
99
6607
14724
6517
13874
0
4368
5229
473
1896
0
6078
201
433
9
4
1540
4052
0
6383
13418
4401
6583
10130
0
20914
0
22255
16323
0
12818
2316
1221
0
26941
303
0
0
3459
0
6916
28167
2339
5
11588
1774
24916
37
15776
5365
7386
0
5171
0
22997
11139
6
591
62
1450
6458
304
6612
26
5880
2132
0
3897
21539
0
362
5219
0
8634
0
0
2504
0
25118
16299
0
58
17263
10
0
3467
0
4
4
0
24564
7024
1
0
16968
4047
6445
1504
8071
5228
5493
4
581
2
24049
3616
0
573
19649
0
587
0
57
340
1244
0
13493
0
19548
0
10378
0
0
10619
3216
0
0
2262
24231
3835
654
4590
28235
0
1693
24731
3
0
0
2
0
2477
5540
11428
14578
8
4143
8119
7973
17975
729
0
0
0
6
33
5495
482
16
510
73
3107
650
19211
4810
0
6907
1270
14271
0
0
5063
11892
0
20974
0
0
4252
6396
0
13786
6668
0
7406
0
4889
6400
21687
7845
14278
25944
14179
3014
0
2859
4069
21953
12404
18852
6173
0
0
0
3942
0
12776
5531
3520
154
23357
8464
16208
109
0
0
0
6579
0
2503
5996
15200
34
5429
25330
6341
6719
23592
3
17973
4638
0
0
0
13128
2
16558
38
27753
3229
3139
0
3442
2
273
18124
5
28490
3144
1562
0
22
21682
2094
0
0
0
745
0
4
0
0
0
21
13
0
1786
5219
6
6481
0
10662
8355
1412
3763
5886
0
16554
102
0
0
577
5687
6414
0
16715
5026
7448
6580
0
1922
2542
0
4
8270
0
9943
11212
0
1291
4558
8826
6399
0
1735
24598
3
4505
1689
1
384
0
22583
34
62
19
157
3618
0
0
93
0
18
705
4
6428
11648
17764
372
0
1825
14234
3924
366
0
1375
11383
21357
3524
0
7582
3728
0
2
18446
1780
15766
1733
0
0
5753
0
0
4
842
0
428
0
19219
0
15465
0
7861
219
16281
244
0
1861
18400
24
3964
1050
10
1818
11758
197
1035
3627
85
5455
1542
6730
0
5958
0
12359
5905
5708
4
0
1
7
0
0
9713
21646
13937
8353
45
0
0
0
7710
19
3
0
0
5803
0
27742
1848
30131
12611
0
174
1228
509
0
6290
32
0
15373
76
23663
14576
11754
0
606
0
2
2399
2735
3918
3
4682
14025
12996
139
9321
177
3
8215
29108
3859
6
1401
1565
25957
0
14
3204
0
0
0
4
17442
2
15178
20775
2
6
0
24
0
5445
7134
899
8
0
572
14426
0
0
2
27734
6225
13974
0
0
0
3
738
2
6
0
12812
2051
5987
5540
0
662
490
46
157
1000
2
0
3124
366
1190
1199
0
129
0
0
8993
0
0
8501
0
0
17837
6113
2
72
19351
0
0
4487
761
5
0
0
2333
153
1351
16496
554
4485
17626
15385
0
247
2535
2
12943
2323
25747
165
0
3412
0
338
73
12853
0
7285
5620
43
11705
19293
1297
6412
0
61
11354
86
780
0
26748
17003
3
0
8024
8166
3
431
6273
25628
110
10
0
1931
21316
0
20
6409
7613
0
4176
0
11524
4505
0
0
133
3881
14332
28879
441
0
0
3062
28114
11635
1492
6327
77
0
648
11688
1500
0
8
54
1336
11586
3337
5890
8
19677
12736
18839
2673
6129
1008
1293
13428
894
1065
15
5185
114
0
14025
14763
274
19300
3
76
0
6673
0
0
0
4359
6378
0
0
0
12426
431
7
15729
5229
5612
0
29596
0
77
1145
25953
7
6
223
24444
7730
0
10872
401
388
3
28066
466
780
158
19514
0
8450
227
11071
1700
0
15805
341
0
13164
1098
6227
906
14922
3258
6
3149
5
21429
26789
828
15171
1625
0
29
2419
0
4029
450
0
1240
28919
14171
0
17308
26069
11055
60
4
1097
1527
8116
19030
22597
14600
9923
14282
9487
29864
2932
9482
11732
22480
5546
0
0
0
5196
0
0
1
1257
0
3509
0
15202
48
25608
2538
17937
0
1661
24401
14934
29234
20617
0
28254
6053
0
0
0
0
0
909
0
15618
0
6819
10818
1
10127
1197
8597
18232
19529
58
9444
564
32
15
10001
17250
22604
197
21184
0
269
106
0
2257
23090
0
0
6894
0
7268
1206
105
11853
6524
4151
8625
7463
4591
7039
370
754
13235
9374
4
22858
5781
14524
19167
5071
0
25915
183
9626
33
0
3
105
0
173
2778
15034
13553
1829
0
271
3999
10752
20702
5508
1043
2
11187
14841
708
0
8
304
7924
4999
2
1219
7120
20709
0
3015
9794
16
0
4
3417
14807
8045
0
7720
0
0
0
6
0
1401
2693
0
0
1046
503
8659
16462
1543
0
20971
3333
23772
0
0
67
21205
0
0
8958
0
766
0
0
6745
4214
6284
4811
0
0
0
15315
10
273
9961
11646
8826
24487
0
421
11184
0
6
0
18302
34
16512
1184
11469
20235
9516
0
0
13882
128
3222
28357
9
0
4979
12385
14304
10974
2
744
307
0
438
4992
9726
715
21016
9081
12798
65
3
17722
0
25307
20
10342
0
19880
0
2807
24
19
693
1026
205
20047
2823
22720
2257
6
4
0
173
860
204
6968
0
0
0
1
237
21484
372
0
2967
4
0
3689
0
24492
10043
1
7358
0
527
16820
0
9556
0
0
5056
0
23308
5806
0
4
16086
24685
177
1
0
8619
0
3
2
24348
15901
0
0
5212
0
90
6643
0
7608
8485
2557
674
21256
1
1249
2636
1423
1742
3
0
6896
5879
881
238
0
9240
0
0
654
646
0
1757
22
15396
4
0
0
5
253
3620
0
8910
10760
142
0
0
28181
57
12859
0
4553
16032
0
4325
626
0
3940
9214
27301
0
0
0
0
0
11253
322
16570
8746
0
6248
505
7
4821
0
10
145
0
2221
25318
4
0
7686
0
0
10218
950
0
18
228
113
10340
0
20010
0
0
17864
4736
4137
0
0
0
12313
13145
825
645
14365
29591
10003
0
0
0
13677
5605
9475
6058
0
0
0
3483
4247
555
539
9
0
20241
0
1430
0
16825
10954
0
5751
10605
2430
0
0
0
3
3362
15791
251
18846
1246
55
16
5888
1372
1437
0
4144
3202
0
714
3811
6737
0
5066
5669
0
164
0
15691
1180
528
4456
0
0
17356
0
4
23456
10727
0
5
27
2072
105
0
2216
21042
22737
5342
0
3208
127
0
1307
2320
26654
0
2989
347
0
1535
7946
17991
3231
912
15741
0
8216
0
0
1906
3474
0
20176
0
7416
0
3255
0
9661
10419
26395
