0 3 0
40 1 40 
139 1 139 
190 1 190 
2 0 0
61 1 135 
132 1 41 
2 1 0
77 1 129 
96 1 96 
69 1 69 
2 0 0
134 1 47 
167 1 167 
3 0 0
73 1 2 
146 1 54 
174 1 16 
1 0 0
123 1 1 
1 0 0
1 1 123 
0 0 0
2 0 0
149 1 92 
154 1 154 
0 0 0
1 0 0
49 1 129 
0 0 0
0 1 0
97 1 178 
1 1 0
85 1 144 
15 1 135 
1 2 0
28 1 194 
3 1 134 
181 1 181 
0 1 0
37 1 37 
1 1 0
45 1 196 
147 1 147 
1 0 0
143 1 100 
2 1 0
111 1 94 
129 1 59 
133 1 133 
0 0 0
0 1 0
95 1 182 
1 0 0
103 1 47 
0 1 0
176 1 67 
2 3 0
8 1 159 
18 1 192 
38 1 135 
64 1 194 
104 1 43 
0 0 0
1 0 0
112 1 27 
1 0 0
101 1 94 
0 0 0
2 0 0
166 1 67 
178 1 31 
0 1 0
199 1 199 
1 0 0
187 1 59 
0 0 0
1 0 0
152 1 47 
2 0 0
70 1 159 
160 1 68 
1 2 0
32 1 32 
56 1 56 
68 1 109 
2 0 0
67 1 126 
140 1 18 
2 0 0
58 1 161 
180 1 67 
1 0 0
168 1 25 
0 0 0
0 0 0
1 0 0
163 1 54 
0 0 0
3 0 0
59 1 148 
91 1 193 
131 1 55 
1 0 0
175 1 71 
0 0 0
0 0 0
1 0 0
72 1 136 
0 0 0
1 0 0
65 1 193 
0 0 0
0 2 0
110 1 17 
117 1 117 
1 0 0
183 1 62 
0 0 0
0 0 0
0 0 0
0 0 0
0 1 0
87 1 87 
1 0 0
119 1 99 
0 0 0
0 0 0
0 1 0
124 1 84 
0 0 0
0 0 0
0 0 0
0 0 0
0 0 0
0 1 0
90 1 161 
1 0 0
141 1 141 
0 0 0
0 0 0
0 0 0
0 0 0
0 1 0
186 1 186 
0 0 0
0 0 0
0 0 0
2 1 0
19 1 193 
113 1 54 
145 1 52 
1 0 0
84 1 158 
0 0 0
0 0 0
0 0 0
1 0 0
115 1 13 
0 0 0
1 0 0
185 1 185 
0 1 0
198 1 80 
0 1 0
99 1 184 
0 0 0
0 0 0
1 0 0
39 1 120 
0 0 0
1 1 0
12 1 114 
148 1 16 
0 0 0
0 0 0
0 0 0
0 0 0
1 0 0
122 1 21 
0 0 0
0 0 0
0 0 0
0 0 0
