0 1 0
67 1 67 
103 0 0
1 1 1 
6 1 6 
7 1 7 
8 1 8 
9 1 9 
11 1 11 
12 1 12 
14 1 14 
15 1 15 
16 1 16 
17 1 17 
18 1 18 
19 1 19 
24 1 24 
25 1 25 
26 2 26 182 
27 1 27 
28 1 28 
29 1 29 
31 1 31 
33 1 33 
34 1 34 
37 1 37 
39 1 39 
41 2 41 109 
42 1 42 
44 1 44 
47 2 47 183 
50 1 50 
52 1 52 
53 1 53 
54 1 54 
55 1 55 
56 1 56 
57 1 57 
59 1 59 
60 1 130 
61 1 145 
62 1 62 
63 1 63 
66 1 66 
68 1 68 
72 1 72 
73 1 73 
75 1 75 
77 1 77 
78 2 78 179 
80 1 111 
81 2 81 134 
82 1 82 
85 1 85 
87 1 87 
91 1 91 
93 1 115 
94 1 94 
97 1 97 
98 1 98 
100 1 100 
101 1 75 
109 1 41 
110 2 84 110 
118 1 118 
119 1 119 
120 1 120 
121 1 121 
122 1 122 
123 1 123 
126 2 57 126 
127 1 127 
128 1 128 
132 1 55 
134 1 134 
138 1 12 
140 1 25 
141 1 141 
145 1 145 
151 1 151 
154 1 154 
155 1 155 
157 1 157 
158 2 54 158 
159 1 159 
160 1 160 
162 1 162 
165 1 165 
166 1 166 
167 1 167 
168 1 168 
169 1 169 
173 1 173 
174 1 174 
176 1 176 
178 1 178 
179 1 179 
183 1 183 
184 2 82 184 
188 1 188 
190 1 190 
191 1 191 
192 1 192 
197 1 197 
198 1 198 
199 1 199 
11 0 0
2 1 36 
13 1 13 
20 1 20 
36 1 36 
71 1 71 
111 1 80 
116 1 79 
125 1 125 
143 1 143 
150 1 150 
170 1 170 
14 0 0
5 1 5 
43 1 84 
45 1 45 
46 1 46 
88 1 196 
89 1 89 
112 1 112 
113 1 113 
124 1 124 
144 1 61 
146 1 49 
147 1 147 
182 1 182 
196 1 88 
4 0 0
76 1 161 
102 1 102 
133 1 133 
194 1 69 
3 0 0
40 1 40 
64 1 64 
103 1 103 
4 0 0
49 1 144 
114 1 90 
180 1 69 
185 1 21 
2 0 0
92 1 153 
105 1 92 
2 0 0
115 1 65 
139 1 86 
3 0 0
153 1 153 
156 1 60 
189 1 189 
2 0 0
35 1 129 
86 1 86 
4 0 0
10 1 163 
131 1 35 
164 1 21 
195 1 84 
0 0 0
4 0 0
21 1 21 
84 1 84 
99 1 161 
177 1 3 
1 0 0
38 1 142 
0 2 0
58 1 115 
69 1 193 
0 1 0
181 1 79 
3 1 0
4 1 185 
135 1 135 
152 1 152 
106 1 90 
0 1 0
83 1 142 
2 0 0
51 1 130 
163 1 10 
0 0 0
1 0 0
30 1 195 
2 0 0
48 1 105 
186 1 186 
0 0 0
1 0 0
3 1 161 
1 0 0
104 1 104 
1 0 0
32 1 108 
1 0 0
108 1 69 
0 0 0
1 0 0
172 1 3 
0 0 0
0 0 0
3 0 0
22 1 187 
107 1 90 
137 1 79 
0 0 0
0 0 0
2 0 0
130 1 65 
175 1 175 
0 0 0
0 0 0
0 0 0
0 0 0
2 0 0
148 1 148 
200 1 79 
0 0 0
2 0 0
74 2 108 161 
79 1 200 
0 0 0
0 0 0
0 0 0
0 0 0
0 0 0
1 0 0
96 1 161 
0 0 0
0 0 0
0 0 0
0 0 0
0 0 0
0 0 0
1 0 0
90 1 161 
0 0 0
2 0 0
70 1 172 
136 1 65 
0 1 0
193 1 96 
0 0 0
0 0 0
0 0 0
0 0 0
0 0 0
0 0 0
1 0 0
142 1 142 
0 0 0
2 0 0
23 1 161 
117 1 65 
0 0 0
0 0 0
0 0 0
0 0 0
0 0 0
0 0 0
0 0 0
0 0 0
0 0 0
0 0 0
0 0 0
0 0 0
0 0 0
1 0 0
95 1 161 
0 0 0
0 0 0
0 0 0
0 0 0
0 0 0
1 0 0
149 1 149 
0 0 0
0 0 0
0 0 0
0 0 0
0 0 0
0 0 0
1 0 0
65 1 187 
0 0 0
0 0 0
0 0 0
0 0 0
0 0 0
