0 1 0
9 1 9
100 0 0
1 1 1
2 1 2
3 1 3
4 1 4
5 1 5
6 1 6
8 1 8
10 1 10
11 1 110
12 1 12
14 1 14
15 1 15
16 1 16
18 1 18
19 1 19
22 1 22
23 1 31
25 2 19 25
29 1 29
31 1 31
32 1 32
35 1 35
36 1 155
40 1 40
44 1 133
45 1 45
47 1 47
49 1 49
52 1 52
53 1 53
55 1 55
60 1 60
61 1 196
63 1 63
64 2 64 132
65 1 65
67 1 67
69 2 69 171
70 1 63
71 1 71
72 1 72
75 2 75 150
77 1 77
80 1 139
82 1 82
83 1 83
84 1 84
86 1 67
93 1 93
94 1 159
95 1 187
96 1 96
100 1 107
101 1 101
102 1 102
103 1 103
105 1 105
106 1 106
107 2 45 107
109 1 109
110 1 110
111 1 111
113 1 113
114 1 114
116 1 116
117 1 117
118 1 118
119 1 119
121 1 121
123 1 123
124 1 124
125 1 125
131 1 15
140 1 140
141 1 141
143 1 143
144 1 144
154 1 154
155 1 155
156 1 156
158 1 158
160 1 160
162 1 162
164 1 164
166 1 166
168 1 168
169 1 169
171 2 69 171
174 1 174
177 1 177
179 1 179
182 1 182
184 1 14
186 1 186
187 1 187
189 1 52
191 1 191
192 1 192
194 3 35 130 194
196 1 196
9 0 0
38 1 38
85 1 85
88 1 88
92 1 92
133 1 44
178 1 178
185 1 51
188 1 188
190 1 37
8 0 0
43 1 43
130 1 130
132 1 132
149 1 149
150 1 150
163 1 56
167 1 95
181 1 181
4 0 0
21 1 21
51 1 185
120 1 51
197 1 87
6 0 0
7 1 153
46 1 175
56 1 56
58 1 58
79 1 79
108 1 108
3 0 0
48 1 134
87 1 197
183 1 89
2 0 0
157 1 17
175 1 24
1 0 0
172 1 87
1 0 0
28 1 139
5 0 0
30 1 180
76 1 199
89 1 89
112 1 112
137 1 137
4 0 0
17 1 128
20 1 159
54 1 183
200 1 74
1 0 0
139 1 42
2 0 0
91 1 91
152 1 13
1 0 0
42 1 139
3 1 0
128 1 17
135 1 7
151 1 48
147 1 99
1 0 0
97 1 167
0 1 0
99 1 165
0 0 0
2 0 0
24 1 175
41 1 41
1 0 0
90 2 138 199
0 0 0
2 1 0
50 1 134
199 1 199
126 1 97
1 1 0
136 1 136
78 1 190
0 1 0
127 1 57
1 1 0
13 1 157
153 1 74
1 0 0
66 1 122
0 0 0
1 0 0
145 1 62
1 0 0
122 1 122
1 0 0
146 1 146
1 0 0
170 1 13
1 0 0
57 1 180
1 1 0
142 1 24
37 1 161
1 0 0
68 1 145
1 0 0
59 1 59
0 0 0
0 0 0
0 0 0
0 0 0
0 0 0
0 0 0
0 0 0
0 0 0
1 0 0
26 1 161
2 0 0
39 2 39 129
129 1 39
0 0 0
1 0 0
98 1 98
0 0 0
0 0 0
0 0 0
1 0 0
193 1 193
0 1 0
148 1 62
0 0 0
0 0 0
0 0 0
0 0 0
0 0 0
0 1 0
81 1 161
0 0 0
0 0 0
0 0 0
0 0 0
0 0 0
0 0 0
0 0 0
3 0 0
62 1 176
134 1 33
176 1 176
0 0 0
0 0 0
1 0 0
161 1 81
1 0 0
115 1 27
0 0 0
0 1 0
33 1 161
1 1 0
34 1 34
104 1 74
0 0 0
0 0 0
0 0 0
0 0 0
0 0 0
0 0 0
1 0 0
27 1 115
0 0 0
0 0 0
0 0 0
0 0 0
0 0 0
0 0 0
0 0 0
0 0 0
0 0 0
0 0 0
0 0 0
0 0 0
0 0 0
0 0 0
0 0 0
0 0 0
0 0 0
0 0 0
0 0 0
