0 1 0
71 1 71
5 3 0
97 1 97
115 1 79
128 1 128
131 1 131
184 1 184
37 1 188
83 1 83
188 1 37
5 0 0
20 1 47
70 1 160
76 1 120
99 1 162
140 1 60
5 1 0
32 1 32
48 1 199
74 1 74
152 1 152
163 1 163
121 1 72
4 1 0
81 1 193
122 1 122
145 1 19
177 1 44
44 1 116
0 1 0
51 1 155
3 1 0
15 1 15
34 1 199
198 1 54
117 1 43
3 2 0
56 1 196
69 1 157
114 1 52
92 1 170
187 1 7
2 1 0
35 1 139
164 1 24
124 1 93
6 2 0
94 1 94
111 1 13
112 1 79
146 1 47
175 1 61
192 2 17 82
64 1 145
106 1 33
3 2 0
54 1 165
100 1 157
123 1 52
75 1 143
155 1 2
1 0 0
53 1 160
1 0 0
65 1 185
3 0 0
24 1 169
105 1 52
165 1 47
7 1 0
30 1 129
38 1 158
41 1 195
47 1 165
55 1 55
96 1 157
142 1 119
61 1 160
3 1 0
16 1 167
108 1 73
157 1 96
7 1 187
3 0 0
40 1 40
67 1 170
93 1 199
2 0 0
119 1 53
196 1 24
1 0 0
77 1 77
2 1 0
113 1 113
173 1 173
199 1 93
1 0 0
138 1 14
1 0 0
168 1 63
0 3 0
141 1 54
143 1 72
193 1 45
1 1 0
9 1 162
88 1 88
0 0 0
0 2 0
110 1 35
200 1 2
3 0 0
26 1 26
33 1 196
127 1 98
2 0 0
21 1 112
166 1 6
2 1 0
133 1 33
161 1 161
36 1 168
0 0 0
0 1 0
28 1 172
1 0 0
125 1 79
1 0 0
6 1 125
0 0 0
0 0 0
3 0 0
85 1 85
156 1 79
186 1 82
1 1 0
58 1 158
10 1 160
0 1 0
129 1 7
0 1 0
19 1 19
0 3 0
78 1 143
120 1 52
178 1 9
1 1 0
63 1 130
95 1 162
2 1 0
52 1 120
174 1 46
72 1 194
0 0 0
2 0 0
89 1 186
126 1 82
0 0 0
0 1 0
102 1 82
1 1 0
103 1 98
4 1 119
1 0 0
3 1 180
1 0 0
45 1 172
0 0 0
0 0 0
0 0 0
0 1 0
147 1 11
1 0 0
43 1 130
0 1 0
169 1 57
1 0 0
135 1 139
3 0 0
42 1 147
57 1 169
80 1 170
1 0 0
136 1 27
3 0 0
29 1 183
49 1 139
87 1 189
0 1 0
25 1 162
0 0 0
1 1 0
160 1 72
154 1 46
0 0 0
1 0 0
1 1 167
0 0 0
0 0 0
0 0 0
0 0 0
0 0 0
2 0 0
2 1 170
62 1 160
0 0 0
0 0 0
1 0 0
31 1 162
0 0 0
0 0 0
1 0 0
195 1 60
0 0 0
0 0 0
1 1 0
82 1 101
144 1 144
0 0 0
0 0 0
0 0 0
0 1 0
189 1 189
0 0 0
0 0 0
0 0 0
0 0 0
1 0 0
22 1 176
1 0 0
137 1 82
1 0 0
98 1 116
0 0 0
1 0 0
183 1 13
0 0 0
0 0 0
0 0 0
0 0 0
0 0 0
0 0 0
0 0 0
0 0 0
